0 info it worked if it ends with ok
1 verbose cli [ 'C:\\Program Files\\nodejs\\node.exe',
1 verbose cli   'C:\\Program Files\\nodejs\\node_modules\\npm\\bin\\npm-cli.js',
1 verbose cli   'i' ]
2 info using npm@3.10.10
3 info using node@v6.11.2
4 silly loadCurrentTree Starting
5 silly install loadCurrentTree
6 silly install readLocalPackageData
7 silly install normalizeTree
8 silly loadCurrentTree Finishing
9 silly loadIdealTree Starting
10 silly install loadIdealTree
11 silly cloneCurrentTree Starting
12 silly install cloneCurrentTreeToIdealTree
13 silly cloneCurrentTree Finishing
14 silly loadShrinkwrap Starting
15 silly install loadShrinkwrap
16 silly loadShrinkwrap Finishing
17 silly loadAllDepsIntoIdealTree Starting
18 silly install loadAllDepsIntoIdealTree
19 silly fetchNamedPackageData chai
20 silly mapToRegistry name chai
21 silly mapToRegistry using default registry
22 silly mapToRegistry registry https://registry.npmjs.org/
23 silly mapToRegistry data Result {
23 silly mapToRegistry   raw: 'chai',
23 silly mapToRegistry   scope: null,
23 silly mapToRegistry   escapedName: 'chai',
23 silly mapToRegistry   name: 'chai',
23 silly mapToRegistry   rawSpec: '',
23 silly mapToRegistry   spec: 'latest',
23 silly mapToRegistry   type: 'tag' }
24 silly mapToRegistry uri https://registry.npmjs.org/chai
25 silly fetchNamedPackageData dev
26 silly mapToRegistry name dev
27 silly mapToRegistry using default registry
28 silly mapToRegistry registry https://registry.npmjs.org/
29 silly mapToRegistry data Result {
29 silly mapToRegistry   raw: 'dev',
29 silly mapToRegistry   scope: null,
29 silly mapToRegistry   escapedName: 'dev',
29 silly mapToRegistry   name: 'dev',
29 silly mapToRegistry   rawSpec: '',
29 silly mapToRegistry   spec: 'latest',
29 silly mapToRegistry   type: 'tag' }
30 silly mapToRegistry uri https://registry.npmjs.org/dev
31 silly fetchNamedPackageData mocha
32 silly mapToRegistry name mocha
33 silly mapToRegistry using default registry
34 silly mapToRegistry registry https://registry.npmjs.org/
35 silly mapToRegistry data Result {
35 silly mapToRegistry   raw: 'mocha',
35 silly mapToRegistry   scope: null,
35 silly mapToRegistry   escapedName: 'mocha',
35 silly mapToRegistry   name: 'mocha',
35 silly mapToRegistry   rawSpec: '',
35 silly mapToRegistry   spec: 'latest',
35 silly mapToRegistry   type: 'tag' }
36 silly mapToRegistry uri https://registry.npmjs.org/mocha
37 verbose request uri https://registry.npmjs.org/chai
38 verbose request no auth needed
39 info attempt registry request try #1 at 11:40:34
40 verbose request id 86bbd70d27075605
41 http request GET https://registry.npmjs.org/chai
42 verbose request uri https://registry.npmjs.org/dev
43 verbose request no auth needed
44 info attempt registry request try #1 at 11:40:34
45 http request GET https://registry.npmjs.org/dev
46 verbose request uri https://registry.npmjs.org/mocha
47 verbose request no auth needed
48 info attempt registry request try #1 at 11:40:34
49 verbose etag "5aa99d88-ee0a4"
50 verbose lastModified Wed, 14 Mar 2018 22:09:12 GMT
51 http request GET https://registry.npmjs.org/mocha
52 http 200 https://registry.npmjs.org/chai
53 verbose headers { date: 'Tue, 29 May 2018 11:40:34 GMT',
53 verbose headers   'content-type': 'application/json; charset=UTF-8',
53 verbose headers   'transfer-encoding': 'chunked',
53 verbose headers   connection: 'keep-alive',
53 verbose headers   'set-cookie': [ '__cfduid=d8eaf1b211a2d821cf3f9235fbd031d951527594034; expires=Wed, 29-May-19 11:40:34 GMT; path=/; domain=.registry.npmjs.org; HttpOnly; Secure' ],
53 verbose headers   'cache-control': 'max-age=300',
53 verbose headers   'cf-cache-status': 'HIT',
53 verbose headers   'cf-ray': '4228afda6b375468-MAD',
53 verbose headers   etag: 'W/"5f61ea98c41df43da89a582a525209a8"',
53 verbose headers   'expect-ct': 'max-age=604800, report-uri="https://report-uri.cloudflare.com/cdn-cgi/beacon/expect-ct"',
53 verbose headers   'last-modified': 'Sat, 26 May 2018 03:23:38 GMT',
53 verbose headers   vary: 'accept-encoding, accept',
53 verbose headers   server: 'cloudflare',
53 verbose headers   'content-encoding': 'gzip' }
54 silly get cb [ 200,
54 silly get   { date: 'Tue, 29 May 2018 11:40:34 GMT',
54 silly get     'content-type': 'application/json; charset=UTF-8',
54 silly get     'transfer-encoding': 'chunked',
54 silly get     connection: 'keep-alive',
54 silly get     'set-cookie': [ '__cfduid=d8eaf1b211a2d821cf3f9235fbd031d951527594034; expires=Wed, 29-May-19 11:40:34 GMT; path=/; domain=.registry.npmjs.org; HttpOnly; Secure' ],
54 silly get     'cache-control': 'max-age=300',
54 silly get     'cf-cache-status': 'HIT',
54 silly get     'cf-ray': '4228afda6b375468-MAD',
54 silly get     etag: 'W/"5f61ea98c41df43da89a582a525209a8"',
54 silly get     'expect-ct': 'max-age=604800, report-uri="https://report-uri.cloudflare.com/cdn-cgi/beacon/expect-ct"',
54 silly get     'last-modified': 'Sat, 26 May 2018 03:23:38 GMT',
54 silly get     vary: 'accept-encoding, accept',
54 silly get     server: 'cloudflare',
54 silly get     'content-encoding': 'gzip' } ]
55 verbose get saving chai to C:\Users\pello\AppData\Roaming\npm-cache\registry.npmjs.org\chai\.cache.json
56 verbose correctMkdir C:\Users\pello\AppData\Roaming\npm-cache correctMkdir not in flight; initializing
57 silly resolveWithNewModule chai@4.1.2 checking installable status
58 silly cache add args [ 'chai@^4.1.2', null ]
59 verbose cache add spec chai@^4.1.2
60 silly cache add parsed spec Result {
60 silly cache add   raw: 'chai@^4.1.2',
60 silly cache add   scope: null,
60 silly cache add   escapedName: 'chai',
60 silly cache add   name: 'chai',
60 silly cache add   rawSpec: '^4.1.2',
60 silly cache add   spec: '>=4.1.2 <5.0.0',
60 silly cache add   type: 'range' }
61 silly addNamed chai@>=4.1.2 <5.0.0
62 verbose addNamed ">=4.1.2 <5.0.0" is a valid semver range for chai
63 silly addNameRange { name: 'chai', range: '>=4.1.2 <5.0.0', hasData: false }
64 silly mapToRegistry name chai
65 silly mapToRegistry using default registry
66 silly mapToRegistry registry https://registry.npmjs.org/
67 silly mapToRegistry data Result {
67 silly mapToRegistry   raw: 'chai',
67 silly mapToRegistry   scope: null,
67 silly mapToRegistry   escapedName: 'chai',
67 silly mapToRegistry   name: 'chai',
67 silly mapToRegistry   rawSpec: '',
67 silly mapToRegistry   spec: 'latest',
67 silly mapToRegistry   type: 'tag' }
68 silly mapToRegistry uri https://registry.npmjs.org/chai
69 verbose addNameRange registry:https://registry.npmjs.org/chai not in flight; fetching
70 verbose get https://registry.npmjs.org/chai not expired, no request
71 silly addNameRange number 2 { name: 'chai', range: '>=4.1.2 <5.0.0', hasData: true }
72 silly addNameRange versions [ 'chai',
72 silly addNameRange   [ '0.0.1',
72 silly addNameRange     '0.0.2',
72 silly addNameRange     '0.1.0',
72 silly addNameRange     '0.1.1',
72 silly addNameRange     '0.1.2',
72 silly addNameRange     '0.1.3',
72 silly addNameRange     '0.1.4',
72 silly addNameRange     '0.1.5',
72 silly addNameRange     '0.1.6',
72 silly addNameRange     '0.1.7',
72 silly addNameRange     '0.2.0',
72 silly addNameRange     '0.2.1',
72 silly addNameRange     '0.2.2',
72 silly addNameRange     '0.2.3',
72 silly addNameRange     '0.2.4',
72 silly addNameRange     '0.3.0',
72 silly addNameRange     '0.3.1',
72 silly addNameRange     '0.3.2',
72 silly addNameRange     '0.3.3',
72 silly addNameRange     '0.3.4',
72 silly addNameRange     '0.4.0',
72 silly addNameRange     '0.4.1',
72 silly addNameRange     '0.4.2',
72 silly addNameRange     '0.5.0',
72 silly addNameRange     '0.5.1',
72 silly addNameRange     '0.5.2',
72 silly addNameRange     '0.5.3',
72 silly addNameRange     '1.0.0',
72 silly addNameRange     '1.0.1',
72 silly addNameRange     '1.0.2',
72 silly addNameRange     '1.0.3',
72 silly addNameRange     '1.0.4',
72 silly addNameRange     '1.1.0',
72 silly addNameRange     '1.1.1',
72 silly addNameRange     '1.2.0',
72 silly addNameRange     '1.3.0',
72 silly addNameRange     '1.4.0',
72 silly addNameRange     '1.4.1',
72 silly addNameRange     '1.4.2',
72 silly addNameRange     '1.5.0',
72 silly addNameRange     '1.6.0',
72 silly addNameRange     '1.6.1',
72 silly addNameRange     '1.7.0',
72 silly addNameRange     '1.7.1',
72 silly addNameRange     '1.7.2',
72 silly addNameRange     '1.8.0',
72 silly addNameRange     '1.8.1',
72 silly addNameRange     '1.9.0',
72 silly addNameRange     '1.9.1',
72 silly addNameRange     '1.9.2',
72 silly addNameRange     '1.10.0',
72 silly addNameRange     '2.0.0',
72 silly addNameRange     '2.1.0',
72 silly addNameRange     '2.1.1',
72 silly addNameRange     '2.1.2',
72 silly addNameRange     '2.2.0',
72 silly addNameRange     '2.3.0',
72 silly addNameRange     '3.0.0',
72 silly addNameRange     '3.1.0',
72 silly addNameRange     '3.2.0',
72 silly addNameRange     '3.3.0',
72 silly addNameRange     '3.4.0',
72 silly addNameRange     '3.4.1',
72 silly addNameRange     '3.5.0',
72 silly addNameRange     '4.0.0-canary.1',
72 silly addNameRange     '4.0.0-canary.2',
72 silly addNameRange     '4.0.0',
72 silly addNameRange     '4.0.1',
72 silly addNameRange     '4.0.2',
72 silly addNameRange     '4.1.0',
72 silly addNameRange     '4.1.1',
72 silly addNameRange     '4.1.2' ] ]
73 silly addNamed chai@4.1.2
74 verbose addNamed "4.1.2" is a plain semver version for chai
75 silly mapToRegistry name chai
76 silly mapToRegistry using default registry
77 silly mapToRegistry registry https://registry.npmjs.org/
78 silly mapToRegistry data Result {
78 silly mapToRegistry   raw: 'chai',
78 silly mapToRegistry   scope: null,
78 silly mapToRegistry   escapedName: 'chai',
78 silly mapToRegistry   name: 'chai',
78 silly mapToRegistry   rawSpec: '',
78 silly mapToRegistry   spec: 'latest',
78 silly mapToRegistry   type: 'tag' }
79 silly mapToRegistry uri https://registry.npmjs.org/chai
80 verbose addRemoteTarball https://registry.npmjs.org/chai/-/chai-4.1.2.tgz not in flight; adding
81 verbose addRemoteTarball [ 'https://registry.npmjs.org/chai/-/chai-4.1.2.tgz',
81 verbose addRemoteTarball   '0f64584ba642f0f2ace2806279f4f06ca23ad73c' ]
82 info retry fetch attempt 1 at 11:40:34
83 info attempt registry request try #1 at 11:40:34
84 http fetch GET https://registry.npmjs.org/chai/-/chai-4.1.2.tgz
85 http 200 https://registry.npmjs.org/mocha
86 verbose headers { date: 'Tue, 29 May 2018 11:40:34 GMT',
86 verbose headers   'content-type': 'application/json; charset=UTF-8',
86 verbose headers   'transfer-encoding': 'chunked',
86 verbose headers   connection: 'keep-alive',
86 verbose headers   'set-cookie': [ '__cfduid=d08696bf0f91a18d816d562bd9ae9057c1527594034; expires=Wed, 29-May-19 11:40:34 GMT; path=/; domain=.registry.npmjs.org; HttpOnly; Secure' ],
86 verbose headers   'cache-control': 'max-age=300',
86 verbose headers   'cf-cache-status': 'HIT',
86 verbose headers   'cf-ray': '4228afda6f045492-MAD',
86 verbose headers   etag: 'W/"71b2b69e703bbbe4c1f1949e4d82bbc0"',
86 verbose headers   'expect-ct': 'max-age=604800, report-uri="https://report-uri.cloudflare.com/cdn-cgi/beacon/expect-ct"',
86 verbose headers   'last-modified': 'Sun, 27 May 2018 08:18:45 GMT',
86 verbose headers   vary: 'accept-encoding, accept',
86 verbose headers   server: 'cloudflare',
86 verbose headers   'content-encoding': 'gzip' }
87 silly get cb [ 200,
87 silly get   { date: 'Tue, 29 May 2018 11:40:34 GMT',
87 silly get     'content-type': 'application/json; charset=UTF-8',
87 silly get     'transfer-encoding': 'chunked',
87 silly get     connection: 'keep-alive',
87 silly get     'set-cookie': [ '__cfduid=d08696bf0f91a18d816d562bd9ae9057c1527594034; expires=Wed, 29-May-19 11:40:34 GMT; path=/; domain=.registry.npmjs.org; HttpOnly; Secure' ],
87 silly get     'cache-control': 'max-age=300',
87 silly get     'cf-cache-status': 'HIT',
87 silly get     'cf-ray': '4228afda6f045492-MAD',
87 silly get     etag: 'W/"71b2b69e703bbbe4c1f1949e4d82bbc0"',
87 silly get     'expect-ct': 'max-age=604800, report-uri="https://report-uri.cloudflare.com/cdn-cgi/beacon/expect-ct"',
87 silly get     'last-modified': 'Sun, 27 May 2018 08:18:45 GMT',
87 silly get     vary: 'accept-encoding, accept',
87 silly get     server: 'cloudflare',
87 silly get     'content-encoding': 'gzip' } ]
88 verbose get saving mocha to C:\Users\pello\AppData\Roaming\npm-cache\registry.npmjs.org\mocha\.cache.json
89 verbose correctMkdir C:\Users\pello\AppData\Roaming\npm-cache correctMkdir not in flight; initializing
90 http fetch 200 https://registry.npmjs.org/chai/-/chai-4.1.2.tgz
91 silly resolveWithNewModule mocha@5.2.0 checking installable status
92 silly cache add args [ 'mocha@^5.0.5', null ]
93 verbose cache add spec mocha@^5.0.5
94 silly cache add parsed spec Result {
94 silly cache add   raw: 'mocha@^5.0.5',
94 silly cache add   scope: null,
94 silly cache add   escapedName: 'mocha',
94 silly cache add   name: 'mocha',
94 silly cache add   rawSpec: '^5.0.5',
94 silly cache add   spec: '>=5.0.5 <6.0.0',
94 silly cache add   type: 'range' }
95 silly addNamed mocha@>=5.0.5 <6.0.0
96 verbose addNamed ">=5.0.5 <6.0.0" is a valid semver range for mocha
97 silly addNameRange { name: 'mocha', range: '>=5.0.5 <6.0.0', hasData: false }
98 silly mapToRegistry name mocha
99 silly mapToRegistry using default registry
100 silly mapToRegistry registry https://registry.npmjs.org/
101 silly mapToRegistry data Result {
101 silly mapToRegistry   raw: 'mocha',
101 silly mapToRegistry   scope: null,
101 silly mapToRegistry   escapedName: 'mocha',
101 silly mapToRegistry   name: 'mocha',
101 silly mapToRegistry   rawSpec: '',
101 silly mapToRegistry   spec: 'latest',
101 silly mapToRegistry   type: 'tag' }
102 silly mapToRegistry uri https://registry.npmjs.org/mocha
103 verbose addNameRange registry:https://registry.npmjs.org/mocha not in flight; fetching
104 verbose get https://registry.npmjs.org/mocha not expired, no request
105 silly addNameRange number 2 { name: 'mocha', range: '>=5.0.5 <6.0.0', hasData: true }
106 silly addNameRange versions [ 'mocha',
106 silly addNameRange   [ '0.0.1-alpha1',
106 silly addNameRange     '0.0.1-alpha2',
106 silly addNameRange     '0.0.1-alpha3',
106 silly addNameRange     '0.0.1-alpha4',
106 silly addNameRange     '0.0.1-alpha5',
106 silly addNameRange     '0.0.1-alpha6',
106 silly addNameRange     '0.0.1',
106 silly addNameRange     '0.0.2',
106 silly addNameRange     '0.0.3',
106 silly addNameRange     '0.0.4',
106 silly addNameRange     '0.0.5',
106 silly addNameRange     '0.0.6',
106 silly addNameRange     '0.0.7',
106 silly addNameRange     '0.0.8',
106 silly addNameRange     '0.1.0',
106 silly addNameRange     '0.2.0',
106 silly addNameRange     '0.3.0',
106 silly addNameRange     '0.3.1',
106 silly addNameRange     '0.3.2',
106 silly addNameRange     '0.3.3',
106 silly addNameRange     '0.3.4',
106 silly addNameRange     '0.3.6',
106 silly addNameRange     '0.4.0',
106 silly addNameRange     '0.5.0',
106 silly addNameRange     '0.6.0',
106 silly addNameRange     '0.7.0',
106 silly addNameRange     '0.7.1',
106 silly addNameRange     '0.8.0',
106 silly addNameRange     '0.8.1',
106 silly addNameRange     '0.9.0',
106 silly addNameRange     '0.10.0',
106 silly addNameRange     '0.10.1',
106 silly addNameRange     '0.10.2',
106 silly addNameRange     '0.11.0',
106 silly addNameRange     '0.12.0',
106 silly addNameRange     '0.12.1',
106 silly addNameRange     '0.13.0',
106 silly addNameRange     '0.14.0',
106 silly addNameRange     '0.14.1',
106 silly addNameRange     '1.0.0',
106 silly addNameRange     '1.0.1',
106 silly addNameRange     '1.0.2',
106 silly addNameRange     '1.0.3',
106 silly addNameRange     '1.1.0',
106 silly addNameRange     '1.2.0',
106 silly addNameRange     '1.2.1',
106 silly addNameRange     '1.2.2',
106 silly addNameRange     '1.3.0',
106 silly addNameRange     '1.3.1',
106 silly addNameRange     '1.3.2',
106 silly addNameRange     '1.4.0',
106 silly addNameRange     '1.4.1',
106 silly addNameRange     '1.4.2',
106 silly addNameRange     '1.4.3',
106 silly addNameRange     '1.5.0',
106 silly addNameRange     '1.6.0',
106 silly addNameRange     '1.7.0',
106 silly addNameRange     '1.7.1',
106 silly addNameRange     '1.7.2',
106 silly addNameRange     '1.7.3',
106 silly addNameRange     '1.7.4',
106 silly addNameRange     '1.8.0',
106 silly addNameRange     '1.8.1',
106 silly addNameRange     '1.8.2',
106 silly addNameRange     '1.9.0',
106 silly addNameRange     '1.10.0',
106 silly addNameRange     '1.11.0',
106 silly addNameRange     '1.12.0',
106 silly addNameRange     '1.12.1',
106 silly addNameRange     '1.13.0',
106 silly addNameRange     '1.14.0',
106 silly addNameRange     '1.15.0',
106 silly addNameRange     '1.15.1',
106 silly addNameRange     '1.16.0',
106 silly addNameRange     '1.16.1',
106 silly addNameRange     '1.16.2',
106 silly addNameRange     '1.17.0',
106 silly addNameRange     '1.17.1',
106 silly addNameRange     '1.18.0',
106 silly addNameRange     '1.18.1',
106 silly addNameRange     '1.18.2',
106 silly addNameRange     '1.19.0',
106 silly addNameRange     '1.20.0',
106 silly addNameRange     '1.20.1',
106 silly addNameRange     '1.21.0',
106 silly addNameRange     '1.21.1',
106 silly addNameRange     '1.21.2',
106 silly addNameRange     '1.21.3',
106 silly addNameRange     '1.21.4',
106 silly addNameRange     '1.21.5',
106 silly addNameRange     '2.0.0',
106 silly addNameRange     '2.0.1',
106 silly addNameRange     '2.1.0',
106 silly addNameRange     '2.2.0',
106 silly addNameRange     '2.2.1',
106 silly addNameRange     '2.2.3',
106 silly addNameRange     '2.2.4',
106 silly addNameRange     '2.2.5',
106 silly addNameRange     '2.3.0',
106 silly addNameRange     '2.3.1',
106 silly addNameRange     ... 41 more items ] ]
107 silly addNamed mocha@5.2.0
108 verbose addNamed "5.2.0" is a plain semver version for mocha
109 silly mapToRegistry name mocha
110 silly mapToRegistry using default registry
111 silly mapToRegistry registry https://registry.npmjs.org/
112 silly mapToRegistry data Result {
112 silly mapToRegistry   raw: 'mocha',
112 silly mapToRegistry   scope: null,
112 silly mapToRegistry   escapedName: 'mocha',
112 silly mapToRegistry   name: 'mocha',
112 silly mapToRegistry   rawSpec: '',
112 silly mapToRegistry   spec: 'latest',
112 silly mapToRegistry   type: 'tag' }
113 silly mapToRegistry uri https://registry.npmjs.org/mocha
114 verbose addRemoteTarball https://registry.npmjs.org/mocha/-/mocha-5.2.0.tgz not in flight; adding
115 verbose addRemoteTarball [ 'https://registry.npmjs.org/mocha/-/mocha-5.2.0.tgz',
115 verbose addRemoteTarball   '6d8ae508f59167f940f2b5b3c4a612ae50c90ae6' ]
116 info retry fetch attempt 1 at 11:40:34
117 info attempt registry request try #1 at 11:40:34
118 http fetch GET https://registry.npmjs.org/mocha/-/mocha-5.2.0.tgz
119 silly fetchAndShaCheck shasum 0f64584ba642f0f2ace2806279f4f06ca23ad73c
120 verbose addTmpTarball C:\Users\pello\AppData\Local\Temp\npm-116-fa538111\registry.npmjs.org\chai\-\chai-4.1.2.tgz not in flight; adding
121 verbose addTmpTarball already have metadata; skipping unpack for chai@4.1.2
122 verbose correctMkdir C:\Users\pello\AppData\Roaming\npm-cache correctMkdir not in flight; initializing
123 silly cache afterAdd chai@4.1.2
124 verbose afterAdd C:\Users\pello\AppData\Roaming\npm-cache\chai\4.1.2\package\package.json not in flight; writing
125 verbose correctMkdir C:\Users\pello\AppData\Roaming\npm-cache correctMkdir not in flight; initializing
126 verbose afterAdd C:\Users\pello\AppData\Roaming\npm-cache\chai\4.1.2\package\package.json written
127 http fetch 200 https://registry.npmjs.org/mocha/-/mocha-5.2.0.tgz
128 silly fetchAndShaCheck shasum 6d8ae508f59167f940f2b5b3c4a612ae50c90ae6
129 verbose addTmpTarball C:\Users\pello\AppData\Local\Temp\npm-116-fa538111\registry.npmjs.org\mocha\-\mocha-5.2.0.tgz not in flight; adding
130 verbose addTmpTarball already have metadata; skipping unpack for mocha@5.2.0
131 verbose correctMkdir C:\Users\pello\AppData\Roaming\npm-cache correctMkdir not in flight; initializing
132 silly cache afterAdd mocha@5.2.0
133 verbose afterAdd C:\Users\pello\AppData\Roaming\npm-cache\mocha\5.2.0\package\package.json not in flight; writing
134 verbose correctMkdir C:\Users\pello\AppData\Roaming\npm-cache correctMkdir not in flight; initializing
135 verbose afterAdd C:\Users\pello\AppData\Roaming\npm-cache\mocha\5.2.0\package\package.json written
136 http 200 https://registry.npmjs.org/dev
137 verbose headers { date: 'Tue, 29 May 2018 11:40:35 GMT',
137 verbose headers   'content-type': 'application/json; charset=UTF-8',
137 verbose headers   'transfer-encoding': 'chunked',
137 verbose headers   connection: 'keep-alive',
137 verbose headers   'set-cookie': [ '__cfduid=db3c9b05cce31249d90e5684a95ffae931527594034; expires=Wed, 29-May-19 11:40:34 GMT; path=/; domain=.registry.npmjs.org; HttpOnly; Secure' ],
137 verbose headers   'cache-control': 'max-age=300',
137 verbose headers   'cf-cache-status': 'MISS',
137 verbose headers   'cf-ray': '4228afda6fde5474-MAD',
137 verbose headers   etag: 'W/"75966e482eb7eb476b8c52dbc7402f1b"',
137 verbose headers   'expect-ct': 'max-age=604800, report-uri="https://report-uri.cloudflare.com/cdn-cgi/beacon/expect-ct"',
137 verbose headers   'last-modified': 'Sat, 26 May 2018 22:02:40 GMT',
137 verbose headers   vary: 'accept-encoding, accept',
137 verbose headers   server: 'cloudflare',
137 verbose headers   'content-encoding': 'gzip' }
138 silly get cb [ 200,
138 silly get   { date: 'Tue, 29 May 2018 11:40:35 GMT',
138 silly get     'content-type': 'application/json; charset=UTF-8',
138 silly get     'transfer-encoding': 'chunked',
138 silly get     connection: 'keep-alive',
138 silly get     'set-cookie': [ '__cfduid=db3c9b05cce31249d90e5684a95ffae931527594034; expires=Wed, 29-May-19 11:40:34 GMT; path=/; domain=.registry.npmjs.org; HttpOnly; Secure' ],
138 silly get     'cache-control': 'max-age=300',
138 silly get     'cf-cache-status': 'MISS',
138 silly get     'cf-ray': '4228afda6fde5474-MAD',
138 silly get     etag: 'W/"75966e482eb7eb476b8c52dbc7402f1b"',
138 silly get     'expect-ct': 'max-age=604800, report-uri="https://report-uri.cloudflare.com/cdn-cgi/beacon/expect-ct"',
138 silly get     'last-modified': 'Sat, 26 May 2018 22:02:40 GMT',
138 silly get     vary: 'accept-encoding, accept',
138 silly get     server: 'cloudflare',
138 silly get     'content-encoding': 'gzip' } ]
139 verbose get saving dev to C:\Users\pello\AppData\Roaming\npm-cache\registry.npmjs.org\dev\.cache.json
140 verbose correctMkdir C:\Users\pello\AppData\Roaming\npm-cache correctMkdir not in flight; initializing
141 silly resolveWithNewModule dev@0.1.3 checking installable status
142 silly cache add args [ 'dev@^0.1.3', null ]
143 verbose cache add spec dev@^0.1.3
144 silly cache add parsed spec Result {
144 silly cache add   raw: 'dev@^0.1.3',
144 silly cache add   scope: null,
144 silly cache add   escapedName: 'dev',
144 silly cache add   name: 'dev',
144 silly cache add   rawSpec: '^0.1.3',
144 silly cache add   spec: '>=0.1.3 <0.2.0',
144 silly cache add   type: 'range' }
145 silly addNamed dev@>=0.1.3 <0.2.0
146 verbose addNamed ">=0.1.3 <0.2.0" is a valid semver range for dev
147 silly addNameRange { name: 'dev', range: '>=0.1.3 <0.2.0', hasData: false }
148 silly mapToRegistry name dev
149 silly mapToRegistry using default registry
150 silly mapToRegistry registry https://registry.npmjs.org/
151 silly mapToRegistry data Result {
151 silly mapToRegistry   raw: 'dev',
151 silly mapToRegistry   scope: null,
151 silly mapToRegistry   escapedName: 'dev',
151 silly mapToRegistry   name: 'dev',
151 silly mapToRegistry   rawSpec: '',
151 silly mapToRegistry   spec: 'latest',
151 silly mapToRegistry   type: 'tag' }
152 silly mapToRegistry uri https://registry.npmjs.org/dev
153 verbose addNameRange registry:https://registry.npmjs.org/dev not in flight; fetching
154 verbose get https://registry.npmjs.org/dev not expired, no request
155 silly addNameRange number 2 { name: 'dev', range: '>=0.1.3 <0.2.0', hasData: true }
156 silly addNameRange versions [ 'dev',
156 silly addNameRange   [ '0.1.0',
156 silly addNameRange     '0.1.1',
156 silly addNameRange     '0.1.2',
156 silly addNameRange     '0.1.3',
156 silly addNameRange     '0.1.1-d',
156 silly addNameRange     '0.1.1-e',
156 silly addNameRange     '0.1.1-f',
156 silly addNameRange     '0.1.1-g',
156 silly addNameRange     '0.1.1-h',
156 silly addNameRange     '0.1.1-n',
156 silly addNameRange     '0.1.1-p' ] ]
157 silly addNamed dev@0.1.3
158 verbose addNamed "0.1.3" is a plain semver version for dev
159 silly mapToRegistry name dev
160 silly mapToRegistry using default registry
161 silly mapToRegistry registry https://registry.npmjs.org/
162 silly mapToRegistry data Result {
162 silly mapToRegistry   raw: 'dev',
162 silly mapToRegistry   scope: null,
162 silly mapToRegistry   escapedName: 'dev',
162 silly mapToRegistry   name: 'dev',
162 silly mapToRegistry   rawSpec: '',
162 silly mapToRegistry   spec: 'latest',
162 silly mapToRegistry   type: 'tag' }
163 silly mapToRegistry uri https://registry.npmjs.org/dev
164 verbose addRemoteTarball https://registry.npmjs.org/dev/-/dev-0.1.3.tgz not in flight; adding
165 verbose addRemoteTarball [ 'https://registry.npmjs.org/dev/-/dev-0.1.3.tgz',
165 verbose addRemoteTarball   '89fdc08705e0e7eaef92d012e26751e4d744322a' ]
166 info retry fetch attempt 1 at 11:40:35
167 info attempt registry request try #1 at 11:40:35
168 http fetch GET https://registry.npmjs.org/dev/-/dev-0.1.3.tgz
169 http fetch 200 https://registry.npmjs.org/dev/-/dev-0.1.3.tgz
170 silly fetchAndShaCheck shasum 89fdc08705e0e7eaef92d012e26751e4d744322a
171 verbose addTmpTarball C:\Users\pello\AppData\Local\Temp\npm-116-fa538111\registry.npmjs.org\dev\-\dev-0.1.3.tgz not in flight; adding
172 verbose addTmpTarball already have metadata; skipping unpack for dev@0.1.3
173 verbose correctMkdir C:\Users\pello\AppData\Roaming\npm-cache correctMkdir not in flight; initializing
174 silly cache afterAdd dev@0.1.3
175 verbose afterAdd C:\Users\pello\AppData\Roaming\npm-cache\dev\0.1.3\package\package.json not in flight; writing
176 verbose correctMkdir C:\Users\pello\AppData\Roaming\npm-cache correctMkdir not in flight; initializing
177 verbose afterAdd C:\Users\pello\AppData\Roaming\npm-cache\dev\0.1.3\package\package.json written
178 silly fetchNamedPackageData assertion-error
179 silly mapToRegistry name assertion-error
180 silly mapToRegistry using default registry
181 silly mapToRegistry registry https://registry.npmjs.org/
182 silly mapToRegistry data Result {
182 silly mapToRegistry   raw: 'assertion-error',
182 silly mapToRegistry   scope: null,
182 silly mapToRegistry   escapedName: 'assertion-error',
182 silly mapToRegistry   name: 'assertion-error',
182 silly mapToRegistry   rawSpec: '',
182 silly mapToRegistry   spec: 'latest',
182 silly mapToRegistry   type: 'tag' }
183 silly mapToRegistry uri https://registry.npmjs.org/assertion-error
184 silly fetchNamedPackageData check-error
185 silly mapToRegistry name check-error
186 silly mapToRegistry using default registry
187 silly mapToRegistry registry https://registry.npmjs.org/
188 silly mapToRegistry data Result {
188 silly mapToRegistry   raw: 'check-error',
188 silly mapToRegistry   scope: null,
188 silly mapToRegistry   escapedName: 'check-error',
188 silly mapToRegistry   name: 'check-error',
188 silly mapToRegistry   rawSpec: '',
188 silly mapToRegistry   spec: 'latest',
188 silly mapToRegistry   type: 'tag' }
189 silly mapToRegistry uri https://registry.npmjs.org/check-error
190 silly fetchNamedPackageData deep-eql
191 silly mapToRegistry name deep-eql
192 silly mapToRegistry using default registry
193 silly mapToRegistry registry https://registry.npmjs.org/
194 silly mapToRegistry data Result {
194 silly mapToRegistry   raw: 'deep-eql',
194 silly mapToRegistry   scope: null,
194 silly mapToRegistry   escapedName: 'deep-eql',
194 silly mapToRegistry   name: 'deep-eql',
194 silly mapToRegistry   rawSpec: '',
194 silly mapToRegistry   spec: 'latest',
194 silly mapToRegistry   type: 'tag' }
195 silly mapToRegistry uri https://registry.npmjs.org/deep-eql
196 silly fetchNamedPackageData get-func-name
197 silly mapToRegistry name get-func-name
198 silly mapToRegistry using default registry
199 silly mapToRegistry registry https://registry.npmjs.org/
200 silly mapToRegistry data Result {
200 silly mapToRegistry   raw: 'get-func-name',
200 silly mapToRegistry   scope: null,
200 silly mapToRegistry   escapedName: 'get-func-name',
200 silly mapToRegistry   name: 'get-func-name',
200 silly mapToRegistry   rawSpec: '',
200 silly mapToRegistry   spec: 'latest',
200 silly mapToRegistry   type: 'tag' }
201 silly mapToRegistry uri https://registry.npmjs.org/get-func-name
202 silly fetchNamedPackageData pathval
203 silly mapToRegistry name pathval
204 silly mapToRegistry using default registry
205 silly mapToRegistry registry https://registry.npmjs.org/
206 silly mapToRegistry data Result {
206 silly mapToRegistry   raw: 'pathval',
206 silly mapToRegistry   scope: null,
206 silly mapToRegistry   escapedName: 'pathval',
206 silly mapToRegistry   name: 'pathval',
206 silly mapToRegistry   rawSpec: '',
206 silly mapToRegistry   spec: 'latest',
206 silly mapToRegistry   type: 'tag' }
207 silly mapToRegistry uri https://registry.npmjs.org/pathval
208 silly fetchNamedPackageData type-detect
209 silly mapToRegistry name type-detect
210 silly mapToRegistry using default registry
211 silly mapToRegistry registry https://registry.npmjs.org/
212 silly mapToRegistry data Result {
212 silly mapToRegistry   raw: 'type-detect',
212 silly mapToRegistry   scope: null,
212 silly mapToRegistry   escapedName: 'type-detect',
212 silly mapToRegistry   name: 'type-detect',
212 silly mapToRegistry   rawSpec: '',
212 silly mapToRegistry   spec: 'latest',
212 silly mapToRegistry   type: 'tag' }
213 silly mapToRegistry uri https://registry.npmjs.org/type-detect
214 verbose request uri https://registry.npmjs.org/assertion-error
215 verbose request no auth needed
216 info attempt registry request try #1 at 11:40:35
217 http request GET https://registry.npmjs.org/assertion-error
218 verbose request uri https://registry.npmjs.org/check-error
219 verbose request no auth needed
220 info attempt registry request try #1 at 11:40:35
221 http request GET https://registry.npmjs.org/check-error
222 verbose request uri https://registry.npmjs.org/deep-eql
223 verbose request no auth needed
224 info attempt registry request try #1 at 11:40:35
225 http request GET https://registry.npmjs.org/deep-eql
226 verbose request uri https://registry.npmjs.org/get-func-name
227 verbose request no auth needed
228 info attempt registry request try #1 at 11:40:35
229 http request GET https://registry.npmjs.org/get-func-name
230 verbose request uri https://registry.npmjs.org/pathval
231 verbose request no auth needed
232 info attempt registry request try #1 at 11:40:35
233 http request GET https://registry.npmjs.org/pathval
234 verbose request uri https://registry.npmjs.org/type-detect
235 verbose request no auth needed
236 info attempt registry request try #1 at 11:40:35
237 http request GET https://registry.npmjs.org/type-detect
238 http 200 https://registry.npmjs.org/assertion-error
239 verbose headers { date: 'Tue, 29 May 2018 11:40:35 GMT',
239 verbose headers   'content-type': 'application/json; charset=UTF-8',
239 verbose headers   'transfer-encoding': 'chunked',
239 verbose headers   connection: 'keep-alive',
239 verbose headers   'set-cookie': [ '__cfduid=da27ffa3a56516a6f074e4b5e8edbcaea1527594035; expires=Wed, 29-May-19 11:40:35 GMT; path=/; domain=.registry.npmjs.org; HttpOnly; Secure' ],
239 verbose headers   'cache-control': 'max-age=300',
239 verbose headers   'cf-cache-status': 'HIT',
239 verbose headers   'cf-ray': '4228afe07cc35492-MAD',
239 verbose headers   etag: 'W/"807d69dbbe51d5b9754e3a632430f061"',
239 verbose headers   'expect-ct': 'max-age=604800, report-uri="https://report-uri.cloudflare.com/cdn-cgi/beacon/expect-ct"',
239 verbose headers   'last-modified': 'Sat, 26 May 2018 17:27:56 GMT',
239 verbose headers   vary: 'accept-encoding, accept',
239 verbose headers   server: 'cloudflare',
239 verbose headers   'content-encoding': 'gzip' }
240 silly get cb [ 200,
240 silly get   { date: 'Tue, 29 May 2018 11:40:35 GMT',
240 silly get     'content-type': 'application/json; charset=UTF-8',
240 silly get     'transfer-encoding': 'chunked',
240 silly get     connection: 'keep-alive',
240 silly get     'set-cookie': [ '__cfduid=da27ffa3a56516a6f074e4b5e8edbcaea1527594035; expires=Wed, 29-May-19 11:40:35 GMT; path=/; domain=.registry.npmjs.org; HttpOnly; Secure' ],
240 silly get     'cache-control': 'max-age=300',
240 silly get     'cf-cache-status': 'HIT',
240 silly get     'cf-ray': '4228afe07cc35492-MAD',
240 silly get     etag: 'W/"807d69dbbe51d5b9754e3a632430f061"',
240 silly get     'expect-ct': 'max-age=604800, report-uri="https://report-uri.cloudflare.com/cdn-cgi/beacon/expect-ct"',
240 silly get     'last-modified': 'Sat, 26 May 2018 17:27:56 GMT',
240 silly get     vary: 'accept-encoding, accept',
240 silly get     server: 'cloudflare',
240 silly get     'content-encoding': 'gzip' } ]
241 verbose get saving assertion-error to C:\Users\pello\AppData\Roaming\npm-cache\registry.npmjs.org\assertion-error\.cache.json
242 verbose correctMkdir C:\Users\pello\AppData\Roaming\npm-cache correctMkdir not in flight; initializing
243 http 200 https://registry.npmjs.org/check-error
244 verbose headers { date: 'Tue, 29 May 2018 11:40:35 GMT',
244 verbose headers   'content-type': 'application/json; charset=UTF-8',
244 verbose headers   'transfer-encoding': 'chunked',
244 verbose headers   connection: 'keep-alive',
244 verbose headers   'set-cookie': [ '__cfduid=d10993d5428d803c965c778a98a33d7821527594035; expires=Wed, 29-May-19 11:40:35 GMT; path=/; domain=.registry.npmjs.org; HttpOnly; Secure' ],
244 verbose headers   'cache-control': 'max-age=300',
244 verbose headers   'cf-cache-status': 'HIT',
244 verbose headers   'cf-ray': '4228afe07e185474-MAD',
244 verbose headers   etag: 'W/"f318351c1d21988b76d047d76992757d"',
244 verbose headers   'expect-ct': 'max-age=604800, report-uri="https://report-uri.cloudflare.com/cdn-cgi/beacon/expect-ct"',
244 verbose headers   'last-modified': 'Sat, 26 May 2018 19:43:32 GMT',
244 verbose headers   vary: 'accept-encoding, accept',
244 verbose headers   server: 'cloudflare',
244 verbose headers   'content-encoding': 'gzip' }
245 silly get cb [ 200,
245 silly get   { date: 'Tue, 29 May 2018 11:40:35 GMT',
245 silly get     'content-type': 'application/json; charset=UTF-8',
245 silly get     'transfer-encoding': 'chunked',
245 silly get     connection: 'keep-alive',
245 silly get     'set-cookie': [ '__cfduid=d10993d5428d803c965c778a98a33d7821527594035; expires=Wed, 29-May-19 11:40:35 GMT; path=/; domain=.registry.npmjs.org; HttpOnly; Secure' ],
245 silly get     'cache-control': 'max-age=300',
245 silly get     'cf-cache-status': 'HIT',
245 silly get     'cf-ray': '4228afe07e185474-MAD',
245 silly get     etag: 'W/"f318351c1d21988b76d047d76992757d"',
245 silly get     'expect-ct': 'max-age=604800, report-uri="https://report-uri.cloudflare.com/cdn-cgi/beacon/expect-ct"',
245 silly get     'last-modified': 'Sat, 26 May 2018 19:43:32 GMT',
245 silly get     vary: 'accept-encoding, accept',
245 silly get     server: 'cloudflare',
245 silly get     'content-encoding': 'gzip' } ]
246 verbose get saving check-error to C:\Users\pello\AppData\Roaming\npm-cache\registry.npmjs.org\check-error\.cache.json
247 verbose correctMkdir C:\Users\pello\AppData\Roaming\npm-cache correctMkdir not in flight; initializing
248 http 200 https://registry.npmjs.org/deep-eql
249 verbose headers { date: 'Tue, 29 May 2018 11:40:35 GMT',
249 verbose headers   'content-type': 'application/json; charset=UTF-8',
249 verbose headers   'transfer-encoding': 'chunked',
249 verbose headers   connection: 'keep-alive',
249 verbose headers   'set-cookie': [ '__cfduid=d6ecd55cc43d08471eb24de09aeca45bb1527594035; expires=Wed, 29-May-19 11:40:35 GMT; path=/; domain=.registry.npmjs.org; HttpOnly; Secure' ],
249 verbose headers   'cache-control': 'max-age=300',
249 verbose headers   'cf-cache-status': 'HIT',
249 verbose headers   'cf-ray': '4228afe078ae5468-MAD',
249 verbose headers   etag: 'W/"b90620e1e59b46aab29a1cab40f3739a"',
249 verbose headers   'expect-ct': 'max-age=604800, report-uri="https://report-uri.cloudflare.com/cdn-cgi/beacon/expect-ct"',
249 verbose headers   'last-modified': 'Sat, 26 May 2018 05:44:56 GMT',
249 verbose headers   vary: 'accept-encoding, accept',
249 verbose headers   server: 'cloudflare',
249 verbose headers   'content-encoding': 'gzip' }
250 silly get cb [ 200,
250 silly get   { date: 'Tue, 29 May 2018 11:40:35 GMT',
250 silly get     'content-type': 'application/json; charset=UTF-8',
250 silly get     'transfer-encoding': 'chunked',
250 silly get     connection: 'keep-alive',
250 silly get     'set-cookie': [ '__cfduid=d6ecd55cc43d08471eb24de09aeca45bb1527594035; expires=Wed, 29-May-19 11:40:35 GMT; path=/; domain=.registry.npmjs.org; HttpOnly; Secure' ],
250 silly get     'cache-control': 'max-age=300',
250 silly get     'cf-cache-status': 'HIT',
250 silly get     'cf-ray': '4228afe078ae5468-MAD',
250 silly get     etag: 'W/"b90620e1e59b46aab29a1cab40f3739a"',
250 silly get     'expect-ct': 'max-age=604800, report-uri="https://report-uri.cloudflare.com/cdn-cgi/beacon/expect-ct"',
250 silly get     'last-modified': 'Sat, 26 May 2018 05:44:56 GMT',
250 silly get     vary: 'accept-encoding, accept',
250 silly get     server: 'cloudflare',
250 silly get     'content-encoding': 'gzip' } ]
251 verbose get saving deep-eql to C:\Users\pello\AppData\Roaming\npm-cache\registry.npmjs.org\deep-eql\.cache.json
252 verbose correctMkdir C:\Users\pello\AppData\Roaming\npm-cache correctMkdir not in flight; initializing
253 silly resolveWithNewModule assertion-error@1.1.0 checking installable status
254 silly cache add args [ 'assertion-error@^1.0.1', null ]
255 verbose cache add spec assertion-error@^1.0.1
256 silly cache add parsed spec Result {
256 silly cache add   raw: 'assertion-error@^1.0.1',
256 silly cache add   scope: null,
256 silly cache add   escapedName: 'assertion-error',
256 silly cache add   name: 'assertion-error',
256 silly cache add   rawSpec: '^1.0.1',
256 silly cache add   spec: '>=1.0.1 <2.0.0',
256 silly cache add   type: 'range' }
257 silly addNamed assertion-error@>=1.0.1 <2.0.0
258 verbose addNamed ">=1.0.1 <2.0.0" is a valid semver range for assertion-error
259 silly addNameRange { name: 'assertion-error',
259 silly addNameRange   range: '>=1.0.1 <2.0.0',
259 silly addNameRange   hasData: false }
260 silly mapToRegistry name assertion-error
261 silly mapToRegistry using default registry
262 silly mapToRegistry registry https://registry.npmjs.org/
263 silly mapToRegistry data Result {
263 silly mapToRegistry   raw: 'assertion-error',
263 silly mapToRegistry   scope: null,
263 silly mapToRegistry   escapedName: 'assertion-error',
263 silly mapToRegistry   name: 'assertion-error',
263 silly mapToRegistry   rawSpec: '',
263 silly mapToRegistry   spec: 'latest',
263 silly mapToRegistry   type: 'tag' }
264 silly mapToRegistry uri https://registry.npmjs.org/assertion-error
265 verbose addNameRange registry:https://registry.npmjs.org/assertion-error not in flight; fetching
266 silly resolveWithNewModule check-error@1.0.2 checking installable status
267 silly cache add args [ 'check-error@^1.0.1', null ]
268 verbose cache add spec check-error@^1.0.1
269 silly cache add parsed spec Result {
269 silly cache add   raw: 'check-error@^1.0.1',
269 silly cache add   scope: null,
269 silly cache add   escapedName: 'check-error',
269 silly cache add   name: 'check-error',
269 silly cache add   rawSpec: '^1.0.1',
269 silly cache add   spec: '>=1.0.1 <2.0.0',
269 silly cache add   type: 'range' }
270 silly addNamed check-error@>=1.0.1 <2.0.0
271 verbose addNamed ">=1.0.1 <2.0.0" is a valid semver range for check-error
272 silly addNameRange { name: 'check-error', range: '>=1.0.1 <2.0.0', hasData: false }
273 silly mapToRegistry name check-error
274 silly mapToRegistry using default registry
275 silly mapToRegistry registry https://registry.npmjs.org/
276 silly mapToRegistry data Result {
276 silly mapToRegistry   raw: 'check-error',
276 silly mapToRegistry   scope: null,
276 silly mapToRegistry   escapedName: 'check-error',
276 silly mapToRegistry   name: 'check-error',
276 silly mapToRegistry   rawSpec: '',
276 silly mapToRegistry   spec: 'latest',
276 silly mapToRegistry   type: 'tag' }
277 silly mapToRegistry uri https://registry.npmjs.org/check-error
278 verbose addNameRange registry:https://registry.npmjs.org/check-error not in flight; fetching
279 verbose get https://registry.npmjs.org/assertion-error not expired, no request
280 silly addNameRange number 2 { name: 'assertion-error',
280 silly addNameRange   range: '>=1.0.1 <2.0.0',
280 silly addNameRange   hasData: true }
281 silly addNameRange versions [ 'assertion-error',
281 silly addNameRange   [ '0.1.0', '1.0.0', '1.0.1', '1.0.2', '1.1.0' ] ]
282 silly addNamed assertion-error@1.1.0
283 verbose addNamed "1.1.0" is a plain semver version for assertion-error
284 silly resolveWithNewModule deep-eql@3.0.1 checking installable status
285 silly cache add args [ 'deep-eql@^3.0.0', null ]
286 verbose cache add spec deep-eql@^3.0.0
287 silly cache add parsed spec Result {
287 silly cache add   raw: 'deep-eql@^3.0.0',
287 silly cache add   scope: null,
287 silly cache add   escapedName: 'deep-eql',
287 silly cache add   name: 'deep-eql',
287 silly cache add   rawSpec: '^3.0.0',
287 silly cache add   spec: '>=3.0.0 <4.0.0',
287 silly cache add   type: 'range' }
288 silly addNamed deep-eql@>=3.0.0 <4.0.0
289 verbose addNamed ">=3.0.0 <4.0.0" is a valid semver range for deep-eql
290 silly addNameRange { name: 'deep-eql', range: '>=3.0.0 <4.0.0', hasData: false }
291 silly mapToRegistry name deep-eql
292 silly mapToRegistry using default registry
293 silly mapToRegistry registry https://registry.npmjs.org/
294 silly mapToRegistry data Result {
294 silly mapToRegistry   raw: 'deep-eql',
294 silly mapToRegistry   scope: null,
294 silly mapToRegistry   escapedName: 'deep-eql',
294 silly mapToRegistry   name: 'deep-eql',
294 silly mapToRegistry   rawSpec: '',
294 silly mapToRegistry   spec: 'latest',
294 silly mapToRegistry   type: 'tag' }
295 silly mapToRegistry uri https://registry.npmjs.org/deep-eql
296 verbose addNameRange registry:https://registry.npmjs.org/deep-eql not in flight; fetching
297 silly mapToRegistry name assertion-error
298 silly mapToRegistry using default registry
299 silly mapToRegistry registry https://registry.npmjs.org/
300 silly mapToRegistry data Result {
300 silly mapToRegistry   raw: 'assertion-error',
300 silly mapToRegistry   scope: null,
300 silly mapToRegistry   escapedName: 'assertion-error',
300 silly mapToRegistry   name: 'assertion-error',
300 silly mapToRegistry   rawSpec: '',
300 silly mapToRegistry   spec: 'latest',
300 silly mapToRegistry   type: 'tag' }
301 silly mapToRegistry uri https://registry.npmjs.org/assertion-error
302 verbose addRemoteTarball https://registry.npmjs.org/assertion-error/-/assertion-error-1.1.0.tgz not in flight; adding
303 verbose addRemoteTarball [ 'https://registry.npmjs.org/assertion-error/-/assertion-error-1.1.0.tgz',
303 verbose addRemoteTarball   'e60b6b0e8f301bd97e5375215bda406c85118c0b' ]
304 verbose get https://registry.npmjs.org/check-error not expired, no request
305 silly addNameRange number 2 { name: 'check-error', range: '>=1.0.1 <2.0.0', hasData: true }
306 silly addNameRange versions [ 'check-error', [ '1.0.0', '1.0.1', '1.0.2' ] ]
307 silly addNamed check-error@1.0.2
308 verbose addNamed "1.0.2" is a plain semver version for check-error
309 silly mapToRegistry name check-error
310 silly mapToRegistry using default registry
311 silly mapToRegistry registry https://registry.npmjs.org/
312 silly mapToRegistry data Result {
312 silly mapToRegistry   raw: 'check-error',
312 silly mapToRegistry   scope: null,
312 silly mapToRegistry   escapedName: 'check-error',
312 silly mapToRegistry   name: 'check-error',
312 silly mapToRegistry   rawSpec: '',
312 silly mapToRegistry   spec: 'latest',
312 silly mapToRegistry   type: 'tag' }
313 silly mapToRegistry uri https://registry.npmjs.org/check-error
314 verbose addRemoteTarball https://registry.npmjs.org/check-error/-/check-error-1.0.2.tgz not in flight; adding
315 verbose addRemoteTarball [ 'https://registry.npmjs.org/check-error/-/check-error-1.0.2.tgz',
315 verbose addRemoteTarball   '574d312edd88bb5dd8912e9286dd6c0aed4aac82' ]
316 info retry fetch attempt 1 at 11:40:35
317 info attempt registry request try #1 at 11:40:35
318 http fetch GET https://registry.npmjs.org/assertion-error/-/assertion-error-1.1.0.tgz
319 verbose get https://registry.npmjs.org/deep-eql not expired, no request
320 silly addNameRange number 2 { name: 'deep-eql', range: '>=3.0.0 <4.0.0', hasData: true }
321 silly addNameRange versions [ 'deep-eql',
321 silly addNameRange   [ '0.1.0',
321 silly addNameRange     '0.1.1',
321 silly addNameRange     '0.1.2',
321 silly addNameRange     '0.1.3',
321 silly addNameRange     '1.0.0',
321 silly addNameRange     '1.0.1',
321 silly addNameRange     '1.0.2',
321 silly addNameRange     '1.0.3',
321 silly addNameRange     '2.0.0',
321 silly addNameRange     '2.0.1',
321 silly addNameRange     '2.0.2',
321 silly addNameRange     '3.0.0',
321 silly addNameRange     '3.0.1' ] ]
322 silly addNamed deep-eql@3.0.1
323 verbose addNamed "3.0.1" is a plain semver version for deep-eql
324 silly mapToRegistry name deep-eql
325 silly mapToRegistry using default registry
326 silly mapToRegistry registry https://registry.npmjs.org/
327 silly mapToRegistry data Result {
327 silly mapToRegistry   raw: 'deep-eql',
327 silly mapToRegistry   scope: null,
327 silly mapToRegistry   escapedName: 'deep-eql',
327 silly mapToRegistry   name: 'deep-eql',
327 silly mapToRegistry   rawSpec: '',
327 silly mapToRegistry   spec: 'latest',
327 silly mapToRegistry   type: 'tag' }
328 silly mapToRegistry uri https://registry.npmjs.org/deep-eql
329 verbose addRemoteTarball https://registry.npmjs.org/deep-eql/-/deep-eql-3.0.1.tgz not in flight; adding
330 verbose addRemoteTarball [ 'https://registry.npmjs.org/deep-eql/-/deep-eql-3.0.1.tgz',
330 verbose addRemoteTarball   'dfc9404400ad1c8fe023e7da1df1c147c4b444df' ]
331 info retry fetch attempt 1 at 11:40:35
332 info attempt registry request try #1 at 11:40:35
333 http fetch GET https://registry.npmjs.org/check-error/-/check-error-1.0.2.tgz
334 info retry fetch attempt 1 at 11:40:35
335 info attempt registry request try #1 at 11:40:35
336 http fetch GET https://registry.npmjs.org/deep-eql/-/deep-eql-3.0.1.tgz
337 http fetch 200 https://registry.npmjs.org/deep-eql/-/deep-eql-3.0.1.tgz
338 http fetch 200 https://registry.npmjs.org/assertion-error/-/assertion-error-1.1.0.tgz
339 http fetch 200 https://registry.npmjs.org/check-error/-/check-error-1.0.2.tgz
340 http 200 https://registry.npmjs.org/get-func-name
341 verbose headers { date: 'Tue, 29 May 2018 11:40:35 GMT',
341 verbose headers   'content-type': 'application/json; charset=UTF-8',
341 verbose headers   'transfer-encoding': 'chunked',
341 verbose headers   connection: 'keep-alive',
341 verbose headers   'set-cookie': [ '__cfduid=d72211699ef09332575d9e130d7b32dc71527594035; expires=Wed, 29-May-19 11:40:35 GMT; path=/; domain=.registry.npmjs.org; HttpOnly; Secure' ],
341 verbose headers   'cache-control': 'max-age=300',
341 verbose headers   'cf-cache-status': 'HIT',
341 verbose headers   'cf-ray': '4228afe0dec0549e-MAD',
341 verbose headers   etag: 'W/"4505f9e43b2f49cf90f381035726dc84"',
341 verbose headers   'expect-ct': 'max-age=604800, report-uri="https://report-uri.cloudflare.com/cdn-cgi/beacon/expect-ct"',
341 verbose headers   'last-modified': 'Sun, 27 May 2018 02:11:09 GMT',
341 verbose headers   vary: 'accept-encoding, accept',
341 verbose headers   server: 'cloudflare',
341 verbose headers   'content-encoding': 'gzip' }
342 silly get cb [ 200,
342 silly get   { date: 'Tue, 29 May 2018 11:40:35 GMT',
342 silly get     'content-type': 'application/json; charset=UTF-8',
342 silly get     'transfer-encoding': 'chunked',
342 silly get     connection: 'keep-alive',
342 silly get     'set-cookie': [ '__cfduid=d72211699ef09332575d9e130d7b32dc71527594035; expires=Wed, 29-May-19 11:40:35 GMT; path=/; domain=.registry.npmjs.org; HttpOnly; Secure' ],
342 silly get     'cache-control': 'max-age=300',
342 silly get     'cf-cache-status': 'HIT',
342 silly get     'cf-ray': '4228afe0dec0549e-MAD',
342 silly get     etag: 'W/"4505f9e43b2f49cf90f381035726dc84"',
342 silly get     'expect-ct': 'max-age=604800, report-uri="https://report-uri.cloudflare.com/cdn-cgi/beacon/expect-ct"',
342 silly get     'last-modified': 'Sun, 27 May 2018 02:11:09 GMT',
342 silly get     vary: 'accept-encoding, accept',
342 silly get     server: 'cloudflare',
342 silly get     'content-encoding': 'gzip' } ]
343 verbose get saving get-func-name to C:\Users\pello\AppData\Roaming\npm-cache\registry.npmjs.org\get-func-name\.cache.json
344 verbose correctMkdir C:\Users\pello\AppData\Roaming\npm-cache correctMkdir not in flight; initializing
345 http 200 https://registry.npmjs.org/pathval
346 verbose headers { date: 'Tue, 29 May 2018 11:40:35 GMT',
346 verbose headers   'content-type': 'application/json; charset=UTF-8',
346 verbose headers   'transfer-encoding': 'chunked',
346 verbose headers   connection: 'keep-alive',
346 verbose headers   'set-cookie': [ '__cfduid=d0997c489a473b7e73ee9220d08f5a8171527594035; expires=Wed, 29-May-19 11:40:35 GMT; path=/; domain=.registry.npmjs.org; HttpOnly; Secure' ],
346 verbose headers   'cache-control': 'max-age=300',
346 verbose headers   'cf-cache-status': 'HIT',
346 verbose headers   'cf-ray': '4228afe0df12544a-MAD',
346 verbose headers   etag: 'W/"e1779192ab7e5b1ad4057e15170a26eb"',
346 verbose headers   'expect-ct': 'max-age=604800, report-uri="https://report-uri.cloudflare.com/cdn-cgi/beacon/expect-ct"',
346 verbose headers   'last-modified': 'Sun, 27 May 2018 11:57:07 GMT',
346 verbose headers   vary: 'accept-encoding, accept',
346 verbose headers   server: 'cloudflare',
346 verbose headers   'content-encoding': 'gzip' }
347 silly get cb [ 200,
347 silly get   { date: 'Tue, 29 May 2018 11:40:35 GMT',
347 silly get     'content-type': 'application/json; charset=UTF-8',
347 silly get     'transfer-encoding': 'chunked',
347 silly get     connection: 'keep-alive',
347 silly get     'set-cookie': [ '__cfduid=d0997c489a473b7e73ee9220d08f5a8171527594035; expires=Wed, 29-May-19 11:40:35 GMT; path=/; domain=.registry.npmjs.org; HttpOnly; Secure' ],
347 silly get     'cache-control': 'max-age=300',
347 silly get     'cf-cache-status': 'HIT',
347 silly get     'cf-ray': '4228afe0df12544a-MAD',
347 silly get     etag: 'W/"e1779192ab7e5b1ad4057e15170a26eb"',
347 silly get     'expect-ct': 'max-age=604800, report-uri="https://report-uri.cloudflare.com/cdn-cgi/beacon/expect-ct"',
347 silly get     'last-modified': 'Sun, 27 May 2018 11:57:07 GMT',
347 silly get     vary: 'accept-encoding, accept',
347 silly get     server: 'cloudflare',
347 silly get     'content-encoding': 'gzip' } ]
348 verbose get saving pathval to C:\Users\pello\AppData\Roaming\npm-cache\registry.npmjs.org\pathval\.cache.json
349 verbose correctMkdir C:\Users\pello\AppData\Roaming\npm-cache correctMkdir not in flight; initializing
350 http 200 https://registry.npmjs.org/type-detect
351 verbose headers { date: 'Tue, 29 May 2018 11:40:35 GMT',
351 verbose headers   'content-type': 'application/json; charset=UTF-8',
351 verbose headers   'transfer-encoding': 'chunked',
351 verbose headers   connection: 'keep-alive',
351 verbose headers   'set-cookie': [ '__cfduid=d72211699ef09332575d9e130d7b32dc71527594035; expires=Wed, 29-May-19 11:40:35 GMT; path=/; domain=.registry.npmjs.org; HttpOnly; Secure' ],
351 verbose headers   'cache-control': 'max-age=300',
351 verbose headers   'cf-cache-status': 'HIT',
351 verbose headers   'cf-ray': '4228afe0debd549e-MAD',
351 verbose headers   etag: 'W/"553e1432ff1d7c89b6e259a1b24c4e1f"',
351 verbose headers   'expect-ct': 'max-age=604800, report-uri="https://report-uri.cloudflare.com/cdn-cgi/beacon/expect-ct"',
351 verbose headers   'last-modified': 'Sun, 27 May 2018 20:08:55 GMT',
351 verbose headers   vary: 'accept-encoding, accept',
351 verbose headers   server: 'cloudflare',
351 verbose headers   'content-encoding': 'gzip' }
352 silly get cb [ 200,
352 silly get   { date: 'Tue, 29 May 2018 11:40:35 GMT',
352 silly get     'content-type': 'application/json; charset=UTF-8',
352 silly get     'transfer-encoding': 'chunked',
352 silly get     connection: 'keep-alive',
352 silly get     'set-cookie': [ '__cfduid=d72211699ef09332575d9e130d7b32dc71527594035; expires=Wed, 29-May-19 11:40:35 GMT; path=/; domain=.registry.npmjs.org; HttpOnly; Secure' ],
352 silly get     'cache-control': 'max-age=300',
352 silly get     'cf-cache-status': 'HIT',
352 silly get     'cf-ray': '4228afe0debd549e-MAD',
352 silly get     etag: 'W/"553e1432ff1d7c89b6e259a1b24c4e1f"',
352 silly get     'expect-ct': 'max-age=604800, report-uri="https://report-uri.cloudflare.com/cdn-cgi/beacon/expect-ct"',
352 silly get     'last-modified': 'Sun, 27 May 2018 20:08:55 GMT',
352 silly get     vary: 'accept-encoding, accept',
352 silly get     server: 'cloudflare',
352 silly get     'content-encoding': 'gzip' } ]
353 verbose get saving type-detect to C:\Users\pello\AppData\Roaming\npm-cache\registry.npmjs.org\type-detect\.cache.json
354 verbose correctMkdir C:\Users\pello\AppData\Roaming\npm-cache correctMkdir not in flight; initializing
355 silly fetchAndShaCheck shasum e60b6b0e8f301bd97e5375215bda406c85118c0b
356 silly fetchAndShaCheck shasum dfc9404400ad1c8fe023e7da1df1c147c4b444df
357 verbose addTmpTarball C:\Users\pello\AppData\Local\Temp\npm-116-fa538111\registry.npmjs.org\assertion-error\-\assertion-error-1.1.0.tgz not in flight; adding
358 verbose addTmpTarball already have metadata; skipping unpack for assertion-error@1.1.0
359 verbose correctMkdir C:\Users\pello\AppData\Roaming\npm-cache correctMkdir not in flight; initializing
360 verbose addTmpTarball C:\Users\pello\AppData\Local\Temp\npm-116-fa538111\registry.npmjs.org\deep-eql\-\deep-eql-3.0.1.tgz not in flight; adding
361 verbose addTmpTarball already have metadata; skipping unpack for deep-eql@3.0.1
362 verbose correctMkdir C:\Users\pello\AppData\Roaming\npm-cache correctMkdir not in flight; initializing
363 silly fetchAndShaCheck shasum 574d312edd88bb5dd8912e9286dd6c0aed4aac82
364 verbose addTmpTarball C:\Users\pello\AppData\Local\Temp\npm-116-fa538111\registry.npmjs.org\check-error\-\check-error-1.0.2.tgz not in flight; adding
365 verbose addTmpTarball already have metadata; skipping unpack for check-error@1.0.2
366 verbose correctMkdir C:\Users\pello\AppData\Roaming\npm-cache correctMkdir not in flight; initializing
367 silly resolveWithNewModule pathval@1.1.0 checking installable status
368 silly cache add args [ 'pathval@^1.0.0', null ]
369 verbose cache add spec pathval@^1.0.0
370 silly cache add parsed spec Result {
370 silly cache add   raw: 'pathval@^1.0.0',
370 silly cache add   scope: null,
370 silly cache add   escapedName: 'pathval',
370 silly cache add   name: 'pathval',
370 silly cache add   rawSpec: '^1.0.0',
370 silly cache add   spec: '>=1.0.0 <2.0.0',
370 silly cache add   type: 'range' }
371 silly addNamed pathval@>=1.0.0 <2.0.0
372 verbose addNamed ">=1.0.0 <2.0.0" is a valid semver range for pathval
373 silly addNameRange { name: 'pathval', range: '>=1.0.0 <2.0.0', hasData: false }
374 silly mapToRegistry name pathval
375 silly mapToRegistry using default registry
376 silly mapToRegistry registry https://registry.npmjs.org/
377 silly mapToRegistry data Result {
377 silly mapToRegistry   raw: 'pathval',
377 silly mapToRegistry   scope: null,
377 silly mapToRegistry   escapedName: 'pathval',
377 silly mapToRegistry   name: 'pathval',
377 silly mapToRegistry   rawSpec: '',
377 silly mapToRegistry   spec: 'latest',
377 silly mapToRegistry   type: 'tag' }
378 silly mapToRegistry uri https://registry.npmjs.org/pathval
379 verbose addNameRange registry:https://registry.npmjs.org/pathval not in flight; fetching
380 silly resolveWithNewModule get-func-name@2.0.0 checking installable status
381 silly cache add args [ 'get-func-name@^2.0.0', null ]
382 verbose cache add spec get-func-name@^2.0.0
383 silly cache add parsed spec Result {
383 silly cache add   raw: 'get-func-name@^2.0.0',
383 silly cache add   scope: null,
383 silly cache add   escapedName: 'get-func-name',
383 silly cache add   name: 'get-func-name',
383 silly cache add   rawSpec: '^2.0.0',
383 silly cache add   spec: '>=2.0.0 <3.0.0',
383 silly cache add   type: 'range' }
384 silly addNamed get-func-name@>=2.0.0 <3.0.0
385 verbose addNamed ">=2.0.0 <3.0.0" is a valid semver range for get-func-name
386 silly addNameRange { name: 'get-func-name',
386 silly addNameRange   range: '>=2.0.0 <3.0.0',
386 silly addNameRange   hasData: false }
387 silly mapToRegistry name get-func-name
388 silly mapToRegistry using default registry
389 silly mapToRegistry registry https://registry.npmjs.org/
390 silly mapToRegistry data Result {
390 silly mapToRegistry   raw: 'get-func-name',
390 silly mapToRegistry   scope: null,
390 silly mapToRegistry   escapedName: 'get-func-name',
390 silly mapToRegistry   name: 'get-func-name',
390 silly mapToRegistry   rawSpec: '',
390 silly mapToRegistry   spec: 'latest',
390 silly mapToRegistry   type: 'tag' }
391 silly mapToRegistry uri https://registry.npmjs.org/get-func-name
392 verbose addNameRange registry:https://registry.npmjs.org/get-func-name not in flight; fetching
393 silly resolveWithNewModule type-detect@4.0.8 checking installable status
394 silly cache add args [ 'type-detect@^4.0.0', null ]
395 verbose cache add spec type-detect@^4.0.0
396 silly cache add parsed spec Result {
396 silly cache add   raw: 'type-detect@^4.0.0',
396 silly cache add   scope: null,
396 silly cache add   escapedName: 'type-detect',
396 silly cache add   name: 'type-detect',
396 silly cache add   rawSpec: '^4.0.0',
396 silly cache add   spec: '>=4.0.0 <5.0.0',
396 silly cache add   type: 'range' }
397 silly addNamed type-detect@>=4.0.0 <5.0.0
398 verbose addNamed ">=4.0.0 <5.0.0" is a valid semver range for type-detect
399 silly addNameRange { name: 'type-detect', range: '>=4.0.0 <5.0.0', hasData: false }
400 silly mapToRegistry name type-detect
401 silly mapToRegistry using default registry
402 silly mapToRegistry registry https://registry.npmjs.org/
403 silly mapToRegistry data Result {
403 silly mapToRegistry   raw: 'type-detect',
403 silly mapToRegistry   scope: null,
403 silly mapToRegistry   escapedName: 'type-detect',
403 silly mapToRegistry   name: 'type-detect',
403 silly mapToRegistry   rawSpec: '',
403 silly mapToRegistry   spec: 'latest',
403 silly mapToRegistry   type: 'tag' }
404 silly mapToRegistry uri https://registry.npmjs.org/type-detect
405 verbose addNameRange registry:https://registry.npmjs.org/type-detect not in flight; fetching
406 verbose get https://registry.npmjs.org/pathval not expired, no request
407 silly addNameRange number 2 { name: 'pathval', range: '>=1.0.0 <2.0.0', hasData: true }
408 silly addNameRange versions [ 'pathval',
408 silly addNameRange   [ '0.0.1', '0.1.0', '0.1.1', '0.2.0', '0.2.1', '1.0.0', '1.1.0' ] ]
409 silly addNamed pathval@1.1.0
410 verbose addNamed "1.1.0" is a plain semver version for pathval
411 verbose get https://registry.npmjs.org/get-func-name not expired, no request
412 silly addNameRange number 2 { name: 'get-func-name', range: '>=2.0.0 <3.0.0', hasData: true }
413 silly addNameRange versions [ 'get-func-name', [ '1.0.0', '2.0.0' ] ]
414 silly addNamed get-func-name@2.0.0
415 verbose addNamed "2.0.0" is a plain semver version for get-func-name
416 silly mapToRegistry name pathval
417 silly mapToRegistry using default registry
418 silly mapToRegistry registry https://registry.npmjs.org/
419 silly mapToRegistry data Result {
419 silly mapToRegistry   raw: 'pathval',
419 silly mapToRegistry   scope: null,
419 silly mapToRegistry   escapedName: 'pathval',
419 silly mapToRegistry   name: 'pathval',
419 silly mapToRegistry   rawSpec: '',
419 silly mapToRegistry   spec: 'latest',
419 silly mapToRegistry   type: 'tag' }
420 silly mapToRegistry uri https://registry.npmjs.org/pathval
421 verbose addRemoteTarball https://registry.npmjs.org/pathval/-/pathval-1.1.0.tgz not in flight; adding
422 verbose addRemoteTarball [ 'https://registry.npmjs.org/pathval/-/pathval-1.1.0.tgz',
422 verbose addRemoteTarball   'b942e6d4bde653005ef6b71361def8727d0645e0' ]
423 silly mapToRegistry name get-func-name
424 silly mapToRegistry using default registry
425 silly mapToRegistry registry https://registry.npmjs.org/
426 silly mapToRegistry data Result {
426 silly mapToRegistry   raw: 'get-func-name',
426 silly mapToRegistry   scope: null,
426 silly mapToRegistry   escapedName: 'get-func-name',
426 silly mapToRegistry   name: 'get-func-name',
426 silly mapToRegistry   rawSpec: '',
426 silly mapToRegistry   spec: 'latest',
426 silly mapToRegistry   type: 'tag' }
427 silly mapToRegistry uri https://registry.npmjs.org/get-func-name
428 verbose addRemoteTarball https://registry.npmjs.org/get-func-name/-/get-func-name-2.0.0.tgz not in flight; adding
429 verbose addRemoteTarball [ 'https://registry.npmjs.org/get-func-name/-/get-func-name-2.0.0.tgz',
429 verbose addRemoteTarball   'ead774abee72e20409433a066366023dd6887a41' ]
430 verbose get https://registry.npmjs.org/type-detect not expired, no request
431 silly addNameRange number 2 { name: 'type-detect', range: '>=4.0.0 <5.0.0', hasData: true }
432 silly addNameRange versions [ 'type-detect',
432 silly addNameRange   [ '0.1.0',
432 silly addNameRange     '0.1.1',
432 silly addNameRange     '0.1.2',
432 silly addNameRange     '1.0.0',
432 silly addNameRange     '2.0.0',
432 silly addNameRange     '2.0.1',
432 silly addNameRange     '2.0.2',
432 silly addNameRange     '3.0.0',
432 silly addNameRange     '4.0.0',
432 silly addNameRange     '4.0.1',
432 silly addNameRange     '4.0.2',
432 silly addNameRange     '4.0.3',
432 silly addNameRange     '4.0.5',
432 silly addNameRange     '4.0.6',
432 silly addNameRange     '4.0.7',
432 silly addNameRange     '4.0.8' ] ]
433 silly addNamed type-detect@4.0.8
434 verbose addNamed "4.0.8" is a plain semver version for type-detect
435 silly mapToRegistry name type-detect
436 silly mapToRegistry using default registry
437 silly mapToRegistry registry https://registry.npmjs.org/
438 silly mapToRegistry data Result {
438 silly mapToRegistry   raw: 'type-detect',
438 silly mapToRegistry   scope: null,
438 silly mapToRegistry   escapedName: 'type-detect',
438 silly mapToRegistry   name: 'type-detect',
438 silly mapToRegistry   rawSpec: '',
438 silly mapToRegistry   spec: 'latest',
438 silly mapToRegistry   type: 'tag' }
439 silly mapToRegistry uri https://registry.npmjs.org/type-detect
440 verbose addRemoteTarball https://registry.npmjs.org/type-detect/-/type-detect-4.0.8.tgz not in flight; adding
441 verbose addRemoteTarball [ 'https://registry.npmjs.org/type-detect/-/type-detect-4.0.8.tgz',
441 verbose addRemoteTarball   '7646fb5f18871cfbb7749e69bd39a6388eb7450c' ]
442 info retry fetch attempt 1 at 11:40:35
443 info attempt registry request try #1 at 11:40:35
444 http fetch GET https://registry.npmjs.org/pathval/-/pathval-1.1.0.tgz
445 silly cache afterAdd deep-eql@3.0.1
446 verbose afterAdd C:\Users\pello\AppData\Roaming\npm-cache\deep-eql\3.0.1\package\package.json not in flight; writing
447 verbose correctMkdir C:\Users\pello\AppData\Roaming\npm-cache correctMkdir not in flight; initializing
448 silly cache afterAdd assertion-error@1.1.0
449 verbose afterAdd C:\Users\pello\AppData\Roaming\npm-cache\assertion-error\1.1.0\package\package.json not in flight; writing
450 verbose correctMkdir C:\Users\pello\AppData\Roaming\npm-cache correctMkdir not in flight; initializing
451 info retry fetch attempt 1 at 11:40:35
452 info attempt registry request try #1 at 11:40:35
453 http fetch GET https://registry.npmjs.org/get-func-name/-/get-func-name-2.0.0.tgz
454 info retry fetch attempt 1 at 11:40:35
455 info attempt registry request try #1 at 11:40:35
456 http fetch GET https://registry.npmjs.org/type-detect/-/type-detect-4.0.8.tgz
457 silly cache afterAdd check-error@1.0.2
458 verbose afterAdd C:\Users\pello\AppData\Roaming\npm-cache\check-error\1.0.2\package\package.json not in flight; writing
459 verbose correctMkdir C:\Users\pello\AppData\Roaming\npm-cache correctMkdir not in flight; initializing
460 verbose afterAdd C:\Users\pello\AppData\Roaming\npm-cache\deep-eql\3.0.1\package\package.json written
461 verbose afterAdd C:\Users\pello\AppData\Roaming\npm-cache\assertion-error\1.1.0\package\package.json written
462 verbose afterAdd C:\Users\pello\AppData\Roaming\npm-cache\check-error\1.0.2\package\package.json written
463 http fetch 200 https://registry.npmjs.org/type-detect/-/type-detect-4.0.8.tgz
464 silly fetchAndShaCheck shasum 7646fb5f18871cfbb7749e69bd39a6388eb7450c
465 http fetch 200 https://registry.npmjs.org/get-func-name/-/get-func-name-2.0.0.tgz
466 verbose addTmpTarball C:\Users\pello\AppData\Local\Temp\npm-116-fa538111\registry.npmjs.org\type-detect\-\type-detect-4.0.8.tgz not in flight; adding
467 verbose addTmpTarball already have metadata; skipping unpack for type-detect@4.0.8
468 verbose correctMkdir C:\Users\pello\AppData\Roaming\npm-cache correctMkdir not in flight; initializing
469 silly fetchAndShaCheck shasum ead774abee72e20409433a066366023dd6887a41
470 verbose addTmpTarball C:\Users\pello\AppData\Local\Temp\npm-116-fa538111\registry.npmjs.org\get-func-name\-\get-func-name-2.0.0.tgz not in flight; adding
471 verbose addTmpTarball already have metadata; skipping unpack for get-func-name@2.0.0
472 verbose correctMkdir C:\Users\pello\AppData\Roaming\npm-cache correctMkdir not in flight; initializing
473 silly cache afterAdd type-detect@4.0.8
474 verbose afterAdd C:\Users\pello\AppData\Roaming\npm-cache\type-detect\4.0.8\package\package.json not in flight; writing
475 verbose correctMkdir C:\Users\pello\AppData\Roaming\npm-cache correctMkdir not in flight; initializing
476 verbose afterAdd C:\Users\pello\AppData\Roaming\npm-cache\type-detect\4.0.8\package\package.json written
477 silly cache afterAdd get-func-name@2.0.0
478 verbose afterAdd C:\Users\pello\AppData\Roaming\npm-cache\get-func-name\2.0.0\package\package.json not in flight; writing
479 verbose correctMkdir C:\Users\pello\AppData\Roaming\npm-cache correctMkdir not in flight; initializing
480 http fetch 200 https://registry.npmjs.org/pathval/-/pathval-1.1.0.tgz
481 verbose afterAdd C:\Users\pello\AppData\Roaming\npm-cache\get-func-name\2.0.0\package\package.json written
482 silly fetchAndShaCheck shasum b942e6d4bde653005ef6b71361def8727d0645e0
483 verbose addTmpTarball C:\Users\pello\AppData\Local\Temp\npm-116-fa538111\registry.npmjs.org\pathval\-\pathval-1.1.0.tgz not in flight; adding
484 verbose addTmpTarball already have metadata; skipping unpack for pathval@1.1.0
485 verbose correctMkdir C:\Users\pello\AppData\Roaming\npm-cache correctMkdir not in flight; initializing
486 silly cache afterAdd pathval@1.1.0
487 verbose afterAdd C:\Users\pello\AppData\Roaming\npm-cache\pathval\1.1.0\package\package.json not in flight; writing
488 verbose correctMkdir C:\Users\pello\AppData\Roaming\npm-cache correctMkdir not in flight; initializing
489 verbose afterAdd C:\Users\pello\AppData\Roaming\npm-cache\pathval\1.1.0\package\package.json written
490 silly fetchNamedPackageData inotify
491 silly mapToRegistry name inotify
492 silly mapToRegistry using default registry
493 silly mapToRegistry registry https://registry.npmjs.org/
494 silly mapToRegistry data Result {
494 silly mapToRegistry   raw: 'inotify',
494 silly mapToRegistry   scope: null,
494 silly mapToRegistry   escapedName: 'inotify',
494 silly mapToRegistry   name: 'inotify',
494 silly mapToRegistry   rawSpec: '',
494 silly mapToRegistry   spec: 'latest',
494 silly mapToRegistry   type: 'tag' }
495 silly mapToRegistry uri https://registry.npmjs.org/inotify
496 verbose request uri https://registry.npmjs.org/inotify
497 verbose request no auth needed
498 info attempt registry request try #1 at 11:40:35
499 http request GET https://registry.npmjs.org/inotify
500 http 200 https://registry.npmjs.org/inotify
501 verbose headers { date: 'Tue, 29 May 2018 11:40:36 GMT',
501 verbose headers   'content-type': 'application/json; charset=UTF-8',
501 verbose headers   'transfer-encoding': 'chunked',
501 verbose headers   connection: 'keep-alive',
501 verbose headers   'set-cookie': [ '__cfduid=d72211699ef09332575d9e130d7b32dc71527594035; expires=Wed, 29-May-19 11:40:35 GMT; path=/; domain=.registry.npmjs.org; HttpOnly; Secure' ],
501 verbose headers   'cache-control': 'max-age=300',
501 verbose headers   'cf-cache-status': 'MISS',
501 verbose headers   'cf-ray': '4228afe1bf82549e-MAD',
501 verbose headers   etag: 'W/"f558a4fb48e5eeb8b7af87727bbcb14c"',
501 verbose headers   'expect-ct': 'max-age=604800, report-uri="https://report-uri.cloudflare.com/cdn-cgi/beacon/expect-ct"',
501 verbose headers   'last-modified': 'Sun, 27 May 2018 04:42:22 GMT',
501 verbose headers   vary: 'accept-encoding, accept',
501 verbose headers   server: 'cloudflare',
501 verbose headers   'content-encoding': 'gzip' }
502 silly get cb [ 200,
502 silly get   { date: 'Tue, 29 May 2018 11:40:36 GMT',
502 silly get     'content-type': 'application/json; charset=UTF-8',
502 silly get     'transfer-encoding': 'chunked',
502 silly get     connection: 'keep-alive',
502 silly get     'set-cookie': [ '__cfduid=d72211699ef09332575d9e130d7b32dc71527594035; expires=Wed, 29-May-19 11:40:35 GMT; path=/; domain=.registry.npmjs.org; HttpOnly; Secure' ],
502 silly get     'cache-control': 'max-age=300',
502 silly get     'cf-cache-status': 'MISS',
502 silly get     'cf-ray': '4228afe1bf82549e-MAD',
502 silly get     etag: 'W/"f558a4fb48e5eeb8b7af87727bbcb14c"',
502 silly get     'expect-ct': 'max-age=604800, report-uri="https://report-uri.cloudflare.com/cdn-cgi/beacon/expect-ct"',
502 silly get     'last-modified': 'Sun, 27 May 2018 04:42:22 GMT',
502 silly get     vary: 'accept-encoding, accept',
502 silly get     server: 'cloudflare',
502 silly get     'content-encoding': 'gzip' } ]
503 verbose get saving inotify to C:\Users\pello\AppData\Roaming\npm-cache\registry.npmjs.org\inotify\.cache.json
504 verbose correctMkdir C:\Users\pello\AppData\Roaming\npm-cache correctMkdir not in flight; initializing
505 silly resolveWithNewModule inotify@1.4.2 checking installable status
506 silly rollbackFailedOptional Starting
507 silly rollbackFailedOptional Finishing
508 silly runTopLevelLifecycles Finishing
509 silly install printInstalled
510 verbose stack Error: Unsupported platform for inotify@1.4.2: wanted {"name":"inotify","version":"1.4.2","author":{"name":"Camilo Aguilar","email":"camilo.aguilar@gmail.com"},"email":"camilo.aguilar@gmail.com","keywords":["inotify","watch","monitor","watch files","watch directories"],"license":"MIT","description":"inotify bindings for v8 javascript engine","repository":{"type":"git","url":"git+ssh://git@github.com/c4milo/node-inotify.git"},"os":["linux"],"engines":{"node":">=0.8"},"main":"inotify","dependencies":{"bindings":"^1.2.1","nan":"^2.3.3"},"scripts":{"test":"node-gyp configure build","install":"node-gyp rebuild"},"gypfile":true,"contributors":[{"name":"Adrian Estrada","email":"edsadr@gmail.com"},{"name":"Alexander Makarenko","email":"estliberitas@gmail.com"},{"name":"Brian Ingalls","email":"bingalls@compete.com"},{"name":"Brian White","email":"mscdex@mscdex.net"},{"name":"Camilo Aguilar","email":"camilo.aguilar@gmail.com"},{"name":"Dan VerWeire","email":"dverweire@gmail.com"},{"name":"FrozenCow","email":"frozencow@gmail.com"},{"name":"Michael Boe","email":"mschuylerb@gmail.com"},{"name":"Yannick Croissant","email":"k1der.country@free.fr"},{"name":"ikokostya","email":"ikokostya@gmail.com"}],"gitHead":"5feed6dc40be4a5d76ae9d30cf339e4f7d70ae54","bugs":{"url":"https://github.com/c4milo/node-inotify/issues"},"homepage":"https://github.com/c4milo/node-inotify#readme","_id":"inotify@1.4.2","_npmVersion":"5.3.0","_nodeVersion":"8.3.0","_npmUser":{"name":"c4milo","email":"camilo.aguilar@gmail.com"},"maintainers":[{"name":"camilo","email":"camilo@cloudescape.com"},{"name":"c4milo","email":"camilo.aguilar@gmail.com"}],"dist":{"integrity":"sha512-+dq8cO+Um/EiGujOilVGw1AclDq9V4B23z4I+PpytUlgIrWfOG/KxW4k7pRZwHHSoqUzlScCWYuQS8Wa+hYcXg==","shasum":"fd69d0f6e4a55005e338b3c1852fbb81acfb3ccc","tarball":"https://registry.npmjs.org/inotify/-/inotify-1.4.2.tgz"},"_npmOperationalInternal":{"host":"s3://npm-registry-packages","tmp":"tmp/inotify-1.4.2.tgz_1505073926403_0.6098344896454364"},"directories":{},"_from":"inotify@>= 0.1.6","_resolved":"https://registry.npmjs.org/inotify/-/inotify-1.4.2.tgz","_shasum":"fd69d0f6e4a55005e338b3c1852fbb81acfb3ccc","_requested":{"raw":"inotify@>= 0.1.6","scope":null,"escapedName":"inotify","name":"inotify","rawSpec":">= 0.1.6","spec":">=0.1.6","type":"range"},"_spec":"inotify@>= 0.1.6","_where":"C:\\books\\kungfoo\\node_modules\\dev","_args":[[{"raw":"inotify@>= 0.1.6","scope":null,"escapedName":"inotify","name":"inotify","rawSpec":">= 0.1.6","spec":">=0.1.6","type":"range"},"C:\\books\\kungfoo\\node_modules\\dev"]],"readme":"ERROR: No README data found!"} (current: {"os":"win32","cpu":"x64"})
510 verbose stack     at checkPlatform (C:\Program Files\nodejs\node_modules\npm\node_modules\npm-install-checks\index.js:45:14)
510 verbose stack     at thenWarnEngineIssues (C:\Program Files\nodejs\node_modules\npm\lib\install\validate-args.js:41:5)
510 verbose stack     at C:\Program Files\nodejs\node_modules\npm\node_modules\iferr\index.js:13:50
510 verbose stack     at checkEngine (C:\Program Files\nodejs\node_modules\npm\node_modules\npm-install-checks\index.js:24:10)
510 verbose stack     at module.exports.isInstallable (C:\Program Files\nodejs\node_modules\npm\lib\install\validate-args.js:38:3)
510 verbose stack     at resolveWithNewModule (C:\Program Files\nodejs\node_modules\npm\lib\install\deps.js:511:10)
510 verbose stack     at C:\Program Files\nodejs\node_modules\npm\lib\install\deps.js:454:9
510 verbose stack     at C:\Program Files\nodejs\node_modules\npm\node_modules\iferr\index.js:13:50
510 verbose stack     at C:\Program Files\nodejs\node_modules\npm\lib\fetch-package-metadata.js:37:12
510 verbose stack     at addRequestedAndFinish (C:\Program Files\nodejs\node_modules\npm\lib\fetch-package-metadata.js:67:5)
511 verbose pkgid inotify@1.4.2
512 verbose cwd C:\books\kungfoo
513 error Windows_NT 10.0.17134
514 error argv "C:\\Program Files\\nodejs\\node.exe" "C:\\Program Files\\nodejs\\node_modules\\npm\\bin\\npm-cli.js" "i"
515 error node v6.11.2
516 error npm  v3.10.10
517 error code EBADPLATFORM
518 error notsup Unsupported platform for inotify@1.4.2: wanted {"os":"linux","arch":"any"} (current: {"os":"win32","arch":"x64"})
519 error notsup Valid OS:    linux
519 error notsup Valid Arch:  any
519 error notsup Actual OS:   win32
519 error notsup Actual Arch: x64
520 verbose exit [ 1, true ]
